-------------------------------------------------------------------------------
Test set: com.example.TesiIntegrazioneProgettoEsterno.TestTitleIsPresentHOOKS
-------------------------------------------------------------------------------
Tests run: 1, Failures: 1, Errors: 0, Skipped: 0, Time elapsed: 0.616 s <<< FAILURE! - in com.example.TesiIntegrazioneProgettoEsterno.TestTitleIsPresentHOOKS
testTitleIsPresent_loc_Hooks_release_0_0_1(com.example.TesiIntegrazioneProgettoEsterno.TestTitleIsPresentHOOKS)  Time elapsed: 0.616 s  <<< FAILURE!
java.lang.AssertionError: org.junit.ComparisonFailure: expected:<Book [shop]> but was:<Book [Market]>
	at com.example.TesiIntegrazioneProgettoEsterno.TestTitleIsPresentHOOKS.tearDown(TestTitleIsPresentHOOKS.java:52)

